Checking whether the C compiler is IAR using "" did not match "IAR .+ Compiler":
ld: file not found: GNU
collect2: error: ld returned 1 exit status
Checking whether the C compiler is IAR using "" did not match "IAR .+ Compiler":
ld: file not found: GNU
collect2: error: ld returned 1 exit status
Detecting C compiler ABI info failed to compile with the following output:
Change Dir: /Users/rfreyp/Documents/Coding/Computer/C_C++/Games/RayTracing/CMakeFiles/CMakeScratch/TryCompile-9Wyx95

Run Build Command(s):/usr/bin/make -f Makefile cmTC_ab622/fast && /Applications/Xcode.app/Contents/Developer/usr/bin/make  -f CMakeFiles/cmTC_ab622.dir/build.make CMakeFiles/cmTC_ab622.dir/build
Building C object CMakeFiles/cmTC_ab622.dir/CMakeCCompilerABI.c.o
/usr/local/bin/gcc-12 GNU FORCE    -o CMakeFiles/cmTC_ab622.dir/CMakeCCompilerABI.c.o -c /usr/local/Cellar/cmake/3.25.2/share/cmake/Modules/CMakeCCompilerABI.c
gcc-12: warning: GNU: linker input file unused because linking not done
gcc-12: error: GNU: linker input file not found: No such file or directory
gcc-12: warning: FORCE: linker input file unused because linking not done
gcc-12: error: FORCE: linker input file not found: No such file or directory
make[1]: *** [CMakeFiles/cmTC_ab622.dir/CMakeCCompilerABI.c.o] Error 1
make[1]: *** Deleting file `CMakeFiles/cmTC_ab622.dir/CMakeCCompilerABI.c.o'
make: *** [cmTC_ab622/fast] Error 2




Determining if the C compiler works failed with the following output:
Change Dir: /Users/rfreyp/Documents/Coding/Computer/C_C++/Games/RayTracing/CMakeFiles/CMakeScratch/TryCompile-OYpain

Run Build Command(s):/usr/bin/make -f Makefile cmTC_9d0d0/fast && /Applications/Xcode.app/Contents/Developer/usr/bin/make  -f CMakeFiles/cmTC_9d0d0.dir/build.make CMakeFiles/cmTC_9d0d0.dir/build
Building C object CMakeFiles/cmTC_9d0d0.dir/testCCompiler.c.o
/usr/local/bin/gcc-12 GNU FORCE    -o CMakeFiles/cmTC_9d0d0.dir/testCCompiler.c.o -c /Users/rfreyp/Documents/Coding/Computer/C_C++/Games/RayTracing/CMakeFiles/CMakeScratch/TryCompile-OYpain/testCCompiler.c
gcc-12: warning: GNU: linker input file unused because linking not done
gcc-12: error: GNU: linker input file not found: No such file or directory
gcc-12: warning: FORCE: linker input file unused because linking not done
gcc-12: error: FORCE: linker input file not found: No such file or directory
make[1]: *** [CMakeFiles/cmTC_9d0d0.dir/testCCompiler.c.o] Error 1
make[1]: *** Deleting file `CMakeFiles/cmTC_9d0d0.dir/testCCompiler.c.o'
make: *** [cmTC_9d0d0/fast] Error 2



Checking whether the C compiler is IAR using "" did not match "IAR .+ Compiler":
ld: file not found: GNU
collect2: error: ld returned 1 exit status
Checking whether the C compiler is IAR using "" did not match "IAR .+ Compiler":
ld: file not found: GNU
collect2: error: ld returned 1 exit status
Detecting C compiler ABI info failed to compile with the following output:
Change Dir: /Users/rfreyp/Documents/Coding/Computer/C_C++/Games/RayTracing/CMakeFiles/CMakeScratch/TryCompile-oJwy5A

Run Build Command(s):/usr/bin/make -f Makefile cmTC_dffc3/fast && /Applications/Xcode.app/Contents/Developer/usr/bin/make  -f CMakeFiles/cmTC_dffc3.dir/build.make CMakeFiles/cmTC_dffc3.dir/build
Building C object CMakeFiles/cmTC_dffc3.dir/CMakeCCompilerABI.c.o
/usr/local/bin/g++-12 GNU FORCE    -o CMakeFiles/cmTC_dffc3.dir/CMakeCCompilerABI.c.o -c /usr/local/Cellar/cmake/3.25.2/share/cmake/Modules/CMakeCCompilerABI.c
/usr/local/Cellar/cmake/3.25.2/share/cmake/Modules/CMakeCCompilerABI.c:2:4: error: #error "A C++ compiler has been selected for C."
    2 | #  error "A C++ compiler has been selected for C."
      |    ^~~~~
make[1]: *** [CMakeFiles/cmTC_dffc3.dir/CMakeCCompilerABI.c.o] Error 1
make: *** [cmTC_dffc3/fast] Error 2




Determining if the C compiler works failed with the following output:
Change Dir: /Users/rfreyp/Documents/Coding/Computer/C_C++/Games/RayTracing/CMakeFiles/CMakeScratch/TryCompile-m0sUQ6

Run Build Command(s):/usr/bin/make -f Makefile cmTC_7739a/fast && /Applications/Xcode.app/Contents/Developer/usr/bin/make  -f CMakeFiles/cmTC_7739a.dir/build.make CMakeFiles/cmTC_7739a.dir/build
Building C object CMakeFiles/cmTC_7739a.dir/testCCompiler.c.o
/usr/local/bin/g++-12 GNU FORCE    -o CMakeFiles/cmTC_7739a.dir/testCCompiler.c.o -c /Users/rfreyp/Documents/Coding/Computer/C_C++/Games/RayTracing/CMakeFiles/CMakeScratch/TryCompile-m0sUQ6/testCCompiler.c
/Users/rfreyp/Documents/Coding/Computer/C_C++/Games/RayTracing/CMakeFiles/CMakeScratch/TryCompile-m0sUQ6/testCCompiler.c:2:3: error: #error "The CMAKE_C_COMPILER is set to a C++ compiler"
    2 | # error "The CMAKE_C_COMPILER is set to a C++ compiler"
      |   ^~~~~
make[1]: *** [CMakeFiles/cmTC_7739a.dir/testCCompiler.c.o] Error 1
make: *** [cmTC_7739a/fast] Error 2



Checking whether the C compiler is IAR using "" did not match "IAR .+ Compiler":
ld: file not found: GNU
collect2: error: ld returned 1 exit status
Checking whether the C compiler is IAR using "" did not match "IAR .+ Compiler":
ld: file not found: GNU
collect2: error: ld returned 1 exit status
Detecting C compiler ABI info failed to compile with the following output:
Change Dir: /Users/rfreyp/Documents/Coding/Computer/C_C++/Games/RayTracing/CMakeFiles/CMakeScratch/TryCompile-Hlr1gk

Run Build Command(s):/usr/bin/make -f Makefile cmTC_0f10c/fast && /Applications/Xcode.app/Contents/Developer/usr/bin/make  -f CMakeFiles/cmTC_0f10c.dir/build.make CMakeFiles/cmTC_0f10c.dir/build
Building C object CMakeFiles/cmTC_0f10c.dir/CMakeCCompilerABI.c.o
/usr/local/bin/gcc-12 GNU FORCE    -o CMakeFiles/cmTC_0f10c.dir/CMakeCCompilerABI.c.o -c /usr/local/Cellar/cmake/3.25.2/share/cmake/Modules/CMakeCCompilerABI.c
gcc-12: warning: GNU: linker input file unused because linking not done
gcc-12: error: GNU: linker input file not found: No such file or directory
gcc-12: warning: FORCE: linker input file unused because linking not done
gcc-12: error: FORCE: linker input file not found: No such file or directory
make[1]: *** [CMakeFiles/cmTC_0f10c.dir/CMakeCCompilerABI.c.o] Error 1
make[1]: *** Deleting file `CMakeFiles/cmTC_0f10c.dir/CMakeCCompilerABI.c.o'
make: *** [cmTC_0f10c/fast] Error 2




Determining if the C compiler works failed with the following output:
Change Dir: /Users/rfreyp/Documents/Coding/Computer/C_C++/Games/RayTracing/CMakeFiles/CMakeScratch/TryCompile-KWcjxT

Run Build Command(s):/usr/bin/make -f Makefile cmTC_a87f2/fast && /Applications/Xcode.app/Contents/Developer/usr/bin/make  -f CMakeFiles/cmTC_a87f2.dir/build.make CMakeFiles/cmTC_a87f2.dir/build
Building C object CMakeFiles/cmTC_a87f2.dir/testCCompiler.c.o
/usr/local/bin/gcc-12 GNU FORCE    -o CMakeFiles/cmTC_a87f2.dir/testCCompiler.c.o -c /Users/rfreyp/Documents/Coding/Computer/C_C++/Games/RayTracing/CMakeFiles/CMakeScratch/TryCompile-KWcjxT/testCCompiler.c
gcc-12: warning: GNU: linker input file unused because linking not done
gcc-12: error: GNU: linker input file not found: No such file or directory
gcc-12: warning: FORCE: linker input file unused because linking not done
gcc-12: error: FORCE: linker input file not found: No such file or directory
make[1]: *** [CMakeFiles/cmTC_a87f2.dir/testCCompiler.c.o] Error 1
make[1]: *** Deleting file `CMakeFiles/cmTC_a87f2.dir/testCCompiler.c.o'
make: *** [cmTC_a87f2/fast] Error 2



